# JRE version: Java(TM) SE Runtime Environment (8.0_111-b14) (build 1.8.0_111-b14)
# Java VM: Java HotSpot(TM) 64-Bit Server VM (25.111-b14 mixed mode linux-amd64 compressed oops)
Heap:
 PSYoungGen      total 401920K, used 26102K [0x00000000e0000000, 0x00000000fa580000, 0x0000000100000000)
  eden space 375808K, 0% used [0x00000000e0000000,0x00000000e0000000,0x00000000f6f00000)
  from space 26112K, 99% used [0x00000000f6f00000,0x00000000f887da38,0x00000000f8880000)
  to   space 21504K, 0% used [0x00000000f8880000,0x00000000f8880000,0x00000000f9d80000)
 ParOldGen       total 95744K, used 56709K [0x00000000a0000000, 0x00000000a5d80000, 0x00000000e0000000)
  object space 95744K, 59% used [0x00000000a0000000,0x00000000a3761688,0x00000000a5d80000)
 Metaspace       used 63162K, capacity 64966K, committed 65112K, reserved 1105920K
  class space    used 8163K, capacity 8525K, committed 8576K, reserved 1048576K
GC Heap History (10 events):
Event: 35.580 GC heap after
Heap after GC invocations=14 (full 3):
 PSYoungGen      total 241152K, used 0K [0x00000000e0000000, 0x00000000f4800000, 0x0000000100000000)
  eden space 218112K, 0% used [0x00000000e0000000,0x00000000e0000000,0x00000000ed500000)
  from space 23040K, 0% used [0x00000000ed500000,0x00000000ed500000,0x00000000eeb80000)
  to   space 21504K, 0% used [0x00000000f3300000,0x00000000f3300000,0x00000000f4800000)
 ParOldGen       total 95744K, used 43603K [0x00000000a0000000, 0x00000000a5d80000, 0x00000000e0000000)
  object space 95744K, 45% used [0x00000000a0000000,0x00000000a2a94e98,0x00000000a5d80000)
 Metaspace       used 57504K, capacity 58882K, committed 58968K, reserved 1099776K
  class space    used 7725K, capacity 8043K, committed 8064K, reserved 1048576K
}
Event: 35.868 GC heap before
{Heap before GC invocations=15 (full 3):
 PSYoungGen      total 241152K, used 8382K [0x00000000e0000000, 0x00000000f4800000, 0x0000000100000000)
  eden space 218112K, 3% used [0x00000000e0000000,0x00000000e082f908,0x00000000ed500000)
  from space 23040K, 0% used [0x00000000ed500000,0x00000000ed500000,0x00000000eeb80000)
  to   space 21504K, 0% used [0x00000000f3300000,0x00000000f3300000,0x00000000f4800000)
 ParOldGen       total 95744K, used 43603K [0x00000000a0000000, 0x00000000a5d80000, 0x00000000e0000000)
  object space 95744K, 45% used [0x00000000a0000000,0x00000000a2a94e98,0x00000000a5d80000)
 Metaspace       used 57777K, capacity 59138K, committed 59224K, reserved 1099776K
  class space    used 7752K, capacity 8043K, committed 8064K, reserved 1048576K
Event: 35.882 GC heap after
Heap after GC invocations=15 (full 3):
 PSYoungGen      total 313856K, used 348K [0x00000000e0000000, 0x00000000f4900000, 0x0000000100000000)
  eden space 292352K, 0% used [0x00000000e0000000,0x00000000e0000000,0x00000000f1d80000)
  from space 21504K, 1% used [0x00000000f3300000,0x00000000f3357020,0x00000000f4800000)
  to   space 22016K, 0% used [0x00000000f1d80000,0x00000000f1d80000,0x00000000f3300000)
 ParOldGen       total 95744K, used 43611K [0x00000000a0000000, 0x00000000a5d80000, 0x00000000e0000000)
  object space 95744K, 45% used [0x00000000a0000000,0x00000000a2a96e98,0x00000000a5d80000)
 Metaspace       used 57777K, capacity 59138K, committed 59224K, reserved 1099776K
  class space    used 7752K, capacity 8043K, committed 8064K, reserved 1048576K
}
Event: 35.882 GC heap before
{Heap before GC invocations=16 (full 4):
 PSYoungGen      total 313856K, used 348K [0x00000000e0000000, 0x00000000f4900000, 0x0000000100000000)
  eden space 292352K, 0% used [0x00000000e0000000,0x00000000e0000000,0x00000000f1d80000)
  from space 21504K, 1% used [0x00000000f3300000,0x00000000f3357020,0x00000000f4800000)
  to   space 22016K, 0% used [0x00000000f1d80000,0x00000000f1d80000,0x00000000f3300000)
 ParOldGen       total 95744K, used 43611K [0x00000000a0000000, 0x00000000a5d80000, 0x00000000e0000000)
  object space 95744K, 45% used [0x00000000a0000000,0x00000000a2a96e98,0x00000000a5d80000)
 Metaspace       used 57777K, capacity 59138K, committed 59224K, reserved 1099776K
  class space    used 7752K, capacity 8043K, committed 8064K, reserved 1048576K
Event: 36.245 GC heap after
Heap after GC invocations=16 (full 4):
 PSYoungGen      total 313856K, used 0K [0x00000000e0000000, 0x00000000f4900000, 0x0000000100000000)
  eden space 292352K, 0% used [0x00000000e0000000,0x00000000e0000000,0x00000000f1d80000)
  from space 21504K, 0% used [0x00000000f3300000,0x00000000f3300000,0x00000000f4800000)
  to   space 22016K, 0% used [0x00000000f1d80000,0x00000000f1d80000,0x00000000f3300000)
 ParOldGen       total 95744K, used 37622K [0x00000000a0000000, 0x00000000a5d80000, 0x00000000e0000000)
  object space 95744K, 39% used [0x00000000a0000000,0x00000000a24bd828,0x00000000a5d80000)
 Metaspace       used 57777K, capacity 59138K, committed 59224K, reserved 1099776K
  class space    used 7752K, capacity 8043K, committed 8064K, reserved 1048576K
}
Event: 148.521 GC heap before
{Heap before GC invocations=17 (full 4):
 PSYoungGen      total 313856K, used 292352K [0x00000000e0000000, 0x00000000f4900000, 0x0000000100000000)
  eden space 292352K, 100% used [0x00000000e0000000,0x00000000f1d80000,0x00000000f1d80000)
  from space 21504K, 0% used [0x00000000f3300000,0x00000000f3300000,0x00000000f4800000)
  to   space 22016K, 0% used [0x00000000f1d80000,0x00000000f1d80000,0x00000000f3300000)
 ParOldGen       total 95744K, used 37622K [0x00000000a0000000, 0x00000000a5d80000, 0x00000000e0000000)
  object space 95744K, 39% used [0x00000000a0000000,0x00000000a24bd828,0x00000000a5d80000)
 Metaspace       used 58968K, capacity 60652K, committed 60888K, reserved 1101824K
  class space    used 7806K, capacity 8164K, committed 8192K, reserved 1048576K
Event: 148.666 GC heap after
Heap after GC invocations=17 (full 4):
 PSYoungGen      total 314368K, used 4351K [0x00000000e0000000, 0x00000000f9d80000, 0x0000000100000000)
  eden space 292352K, 0% used [0x00000000e0000000,0x00000000e0000000,0x00000000f1d80000)
  from space 22016K, 19% used [0x00000000f1d80000,0x00000000f21bfc60,0x00000000f3300000)
  to   space 21504K, 0% used [0x00000000f8880000,0x00000000f8880000,0x00000000f9d80000)
 ParOldGen       total 95744K, used 37622K [0x00000000a0000000, 0x00000000a5d80000, 0x00000000e0000000)
  object space 95744K, 39% used [0x00000000a0000000,0x00000000a24bd828,0x00000000a5d80000)
 Metaspace       used 58968K, capacity 60652K, committed 60888K, reserved 1101824K
  class space    used 7806K, capacity 8164K, committed 8192K, reserved 1048576K
}
Event: 160.279 GC heap before
{Heap before GC invocations=18 (full 4):
 PSYoungGen      total 314368K, used 296703K [0x00000000e0000000, 0x00000000f9d80000, 0x0000000100000000)
  eden space 292352K, 100% used [0x00000000e0000000,0x00000000f1d80000,0x00000000f1d80000)
  from space 22016K, 19% used [0x00000000f1d80000,0x00000000f21bfc60,0x00000000f3300000)
  to   space 21504K, 0% used [0x00000000f8880000,0x00000000f8880000,0x00000000f9d80000)
 ParOldGen       total 95744K, used 37622K [0x00000000a0000000, 0x00000000a5d80000, 0x00000000e0000000)
  object space 95744K, 39% used [0x00000000a0000000,0x00000000a24bd828,0x00000000a5d80000)
 Metaspace       used 62849K, capacity 64710K, committed 64856K, reserved 1105920K
  class space    used 8163K, capacity 8525K, committed 8576K, reserved 1048576K
Event: 160.459 GC heap after
Heap after GC invocations=18 (full 4):
 PSYoungGen      total 397312K, used 21494K [0x00000000e0000000, 0x00000000fa580000, 0x0000000100000000)
  eden space 375808K, 0% used [0x00000000e0000000,0x00000000e0000000,0x00000000f6f00000)
  from space 21504K, 99% used [0x00000000f8880000,0x00000000f9d7da60,0x00000000f9d80000)
  to   space 26112K, 0% used [0x00000000f6f00000,0x00000000f6f00000,0x00000000f8880000)
 ParOldGen       total 95744K, used 40873K [0x00000000a0000000, 0x00000000a5d80000, 0x00000000e0000000)
  object space 95744K, 42% used [0x00000000a0000000,0x00000000a27ea518,0x00000000a5d80000)
 Metaspace       used 62849K, capacity 64710K, committed 64856K, reserved 1105920K
  class space    used 8163K, capacity 8525K, committed 8576K, reserved 1048576K
}
Event: 163.406 GC heap before
{Heap before GC invocations=19 (full 4):
 PSYoungGen      total 397312K, used 397302K [0x00000000e0000000, 0x00000000fa580000, 0x0000000100000000)
  eden space 375808K, 100% used [0x00000000e0000000,0x00000000f6f00000,0x00000000f6f00000)
  from space 21504K, 99% used [0x00000000f8880000,0x00000000f9d7da60,0x00000000f9d80000)
  to   space 26112K, 0% used [0x00000000f6f00000,0x00000000f6f00000,0x00000000f8880000)
 ParOldGen       total 95744K, used 40873K [0x00000000a0000000, 0x00000000a5d80000, 0x00000000e0000000)
  object space 95744K, 42% used [0x00000000a0000000,0x00000000a27ea518,0x00000000a5d80000)
 Metaspace       used 63162K, capacity 64966K, committed 65112K, reserved 1105920K
  class space    used 8163K, capacity 8525K, committed 8576K, reserved 1048576K

